Determining if the pthread_create exist failed with the following output:
Change Dir: /home/yuxuwu/BinghamtonRover2017/scratch/CPP_ROVER/ros_workspace/build/CMakeFiles/CMakeTmp

Run Build Command:"/usr/bin/make" "cmTryCompileExec441376581/fast"
/usr/bin/make -f CMakeFiles/cmTryCompileExec441376581.dir/build.make CMakeFiles/cmTryCompileExec441376581.dir/build
make[1]: Entering directory '/home/yuxuwu/BinghamtonRover2017/scratch/CPP_ROVER/ros_workspace/build/CMakeFiles/CMakeTmp'
/usr/bin/cmake -E cmake_progress_report /home/yuxuwu/BinghamtonRover2017/scratch/CPP_ROVER/ros_workspace/build/CMakeFiles/CMakeTmp/CMakeFiles 1
Building C object CMakeFiles/cmTryCompileExec441376581.dir/CheckSymbolExists.c.o
/usr/bin/cc    -o CMakeFiles/cmTryCompileExec441376581.dir/CheckSymbolExists.c.o   -c /home/yuxuwu/BinghamtonRover2017/scratch/CPP_ROVER/ros_workspace/build/CMakeFiles/CMakeTmp/CheckSymbolExists.c
Linking C executable cmTryCompileExec441376581
/usr/bin/cmake -E cmake_link_script CMakeFiles/cmTryCompileExec441376581.dir/link.txt --verbose=1
/usr/bin/cc       CMakeFiles/cmTryCompileExec441376581.dir/CheckSymbolExists.c.o  -o cmTryCompileExec441376581 -rdynamic 
CMakeFiles/cmTryCompileExec441376581.dir/CheckSymbolExists.c.o: In function `main':
CheckSymbolExists.c:(.text+0x16): undefined reference to `pthread_create'
collect2: error: ld returned 1 exit status
CMakeFiles/cmTryCompileExec441376581.dir/build.make:88: recipe for target 'cmTryCompileExec441376581' failed
make[1]: Leaving directory '/home/yuxuwu/BinghamtonRover2017/scratch/CPP_ROVER/ros_workspace/build/CMakeFiles/CMakeTmp'
Makefile:118: recipe for target 'cmTryCompileExec441376581/fast' failed
make[1]: *** [cmTryCompileExec441376581] Error 1
make: *** [cmTryCompileExec441376581/fast] Error 2

File /home/yuxuwu/BinghamtonRover2017/scratch/CPP_ROVER/ros_workspace/build/CMakeFiles/CMakeTmp/CheckSymbolExists.c:
/* */
#include <pthread.h>

int main(int argc, char** argv)
{
  (void)argv;
#ifndef pthread_create
  return ((int*)(&pthread_create))[argc];
#else
  (void)argc;
  return 0;
#endif
}

Determining if the function pthread_create exists in the pthreads failed with the following output:
Change Dir: /home/yuxuwu/BinghamtonRover2017/scratch/CPP_ROVER/ros_workspace/build/CMakeFiles/CMakeTmp

Run Build Command:"/usr/bin/make" "cmTryCompileExec2798851126/fast"
/usr/bin/make -f CMakeFiles/cmTryCompileExec2798851126.dir/build.make CMakeFiles/cmTryCompileExec2798851126.dir/build
make[1]: Entering directory '/home/yuxuwu/BinghamtonRover2017/scratch/CPP_ROVER/ros_workspace/build/CMakeFiles/CMakeTmp'
/usr/bin/cmake -E cmake_progress_report /home/yuxuwu/BinghamtonRover2017/scratch/CPP_ROVER/ros_workspace/build/CMakeFiles/CMakeTmp/CMakeFiles 1
Building C object CMakeFiles/cmTryCompileExec2798851126.dir/CheckFunctionExists.c.o
/usr/bin/cc   -DCHECK_FUNCTION_EXISTS=pthread_create   -o CMakeFiles/cmTryCompileExec2798851126.dir/CheckFunctionExists.c.o   -c /usr/share/cmake-3.0/Modules/CheckFunctionExists.c
Linking C executable cmTryCompileExec2798851126
/usr/bin/cmake -E cmake_link_script CMakeFiles/cmTryCompileExec2798851126.dir/link.txt --verbose=1
/usr/bin/cc   -DCHECK_FUNCTION_EXISTS=pthread_create    CMakeFiles/cmTryCompileExec2798851126.dir/CheckFunctionExists.c.o  -o cmTryCompileExec2798851126 -rdynamic -lpthreads 
/usr/bin/ld: cannot find -lpthreads
collect2: error: ld returned 1 exit status
CMakeFiles/cmTryCompileExec2798851126.dir/build.make:88: recipe for target 'cmTryCompileExec2798851126' failed
make[1]: Leaving directory '/home/yuxuwu/BinghamtonRover2017/scratch/CPP_ROVER/ros_workspace/build/CMakeFiles/CMakeTmp'
Makefile:118: recipe for target 'cmTryCompileExec2798851126/fast' failed
make[1]: *** [cmTryCompileExec2798851126] Error 1
make: *** [cmTryCompileExec2798851126/fast] Error 2


